0 info it worked if it ends with ok
1 verbose cli [ 'D:\\node\\node.exe',
1 verbose cli   'D:\\node\\node_modules\\npm\\bin\\npm-cli.js',
1 verbose cli   'run',
1 verbose cli   'dev' ]
2 info using npm@3.10.10
3 info using node@v6.11.5
4 verbose run-script [ 'predev', 'dev', 'postdev' ]
5 info lifecycle vue_cms@1.0.0~predev: vue_cms@1.0.0
6 silly lifecycle vue_cms@1.0.0~predev: no script for predev, continuing
7 info lifecycle vue_cms@1.0.0~dev: vue_cms@1.0.0
8 verbose lifecycle vue_cms@1.0.0~dev: unsafe-perm in lifecycle true
9 verbose lifecycle vue_cms@1.0.0~dev: PATH: D:\node\node_modules\npm\bin\node-gyp-bin;g:\前端知识\vue\vue的练习项目\黑马程序员移动webapp\代码\vue_cms\node_modules\.bin;%CommonProgramFiles%\Microsoft Shared\Windows Live;C:\windows\system32;C:\windows;C:\windows\System32\Wbem;C:\windows\System32\WindowsPowerShell\v1.0\;C:\Program Files (x86)\NVIDIA Corporation\PhysX\Common;D:\node\;D:\node\node_global\
10 verbose lifecycle vue_cms@1.0.0~dev: CWD: g:\前端知识\vue\vue的练习项目\黑马程序员移动webapp\代码\vue_cms
11 silly lifecycle vue_cms@1.0.0~dev: Args: [ '/d /s /c',
11 silly lifecycle   'webpack-dev-server --open --port 3000 --hot --host 127.0.0.1' ]
12 verbose stack Error: kill ENOSYS
12 verbose stack     at Object.exports._errnoException (util.js:1020:11)
12 verbose stack     at process.kill (internal/process.js:191:18)
12 verbose stack     at process.listener (D:\node\node_modules\npm\node_modules\npmlog\node_modules\gauge\node_modules\signal-exit\index.js:86:15)
12 verbose stack     at emitNone (events.js:91:20)
12 verbose stack     at process.emit (events.js:185:7)
12 verbose stack     at processEmit (D:\node\node_modules\npm\node_modules\npmlog\node_modules\gauge\node_modules\signal-exit\index.js:146:32)
12 verbose stack     at processEmit (D:\node\node_modules\npm\node_modules\npm-registry-client\node_modules\npmlog\node_modules\gauge\node_modules\signal-exit\index.js:146:32)
12 verbose stack     at Signal.wrap.onsignal (internal/process.js:217:44)
13 verbose cwd g:\前端知识\vue\vue的练习项目\黑马程序员移动webapp\代码\vue_cms
14 error Windows_NT 6.1.7601
15 error argv "D:\\node\\node.exe" "D:\\node\\node_modules\\npm\\bin\\npm-cli.js" "run" "dev"
16 error node v6.11.5
17 error npm  v3.10.10
18 error code ENOSYS
19 error errno ENOSYS
20 error syscall kill
21 error kill ENOSYS
22 error If you need help, you may report this error at:
22 error     <https://github.com/npm/npm/issues>
23 verbose exit [ 1, true ]
